# JRE version: OpenJDK Runtime Environment Temurin-21.0.10+7 (21.0.10+7) (build 21.0.10+7-LTS)
# Java VM: OpenJDK 64-Bit Server VM Temurin-21.0.10+7 (21.0.10+7-LTS, mixed mode, sharing, tiered, compressed oops, compressed class ptrs, parallel gc, windows-amd64)
GC Precious Log:
 CardTable entry size: 512
 CPUs: 8 total, 8 available
 Memory: 8006M
 Large Page Support: Disabled
 NUMA Support: Disabled
 Compressed Oops: Enabled (32-bit)
 Alignments: Space 512K, Generation 512K, Heap 2M
 Heap Min Capacity: 100M
 Heap Initial Capacity: 100M
 Heap Max Capacity: 2G
 Pre-touch: Disabled
 Parallel Workers: 8
Heap:
 PSYoungGen      total 2560K, used 949K [0x00000000d5580000, 0x00000000d5980000, 0x0000000100000000)
  eden space 2048K, 33% used [0x00000000d5580000,0x00000000d562d520,0x00000000d5780000)
  from space 512K, 50% used [0x00000000d5900000,0x00000000d5940000,0x00000000d5980000)
  to   space 1024K, 0% used [0x00000000d5780000,0x00000000d5780000,0x00000000d5880000)
 ParOldGen       total 157184K, used 156939K [0x0000000080000000, 0x0000000089980000, 0x00000000d5580000)
  object space 157184K, 99% used [0x0000000080000000,0x0000000089942e28,0x0000000089980000)
 Metaspace       used 86737K, committed 88384K, reserved 1179648K
  class space    used 8645K, committed 9408K, reserved 1048576K
GC Heap History (20 events):
Event: 4746.167 GC heap before
{Heap before GC invocations=4243 (full 6):
 PSYoungGen      total 4096K, used 3783K [0x00000000d5580000, 0x00000000d5b80000, 0x0000000100000000)
  eden space 3584K, 93% used [0x00000000d5580000,0x00000000d58c9f58,0x00000000d5900000)
  from space 512K, 81% used [0x00000000d5b00000,0x00000000d5b68020,0x00000000d5b80000)
  to   space 1024K, 0% used [0x00000000d5980000,0x00000000d5980000,0x00000000d5a80000)
 ParOldGen       total 148992K, used 145733K [0x0000000080000000, 0x0000000089180000, 0x00000000d5580000)
  object space 148992K, 97% used [0x0000000080000000,0x0000000088e51618,0x0000000089180000)
 Metaspace       used 86723K, committed 88320K, reserved 1179648K
  class space    used 8645K, committed 9408K, reserved 1048576K
}
Event: 4746.169 GC heap after
{Heap after GC invocations=4243 (full 6):
 PSYoungGen      total 4608K, used 160K [0x00000000d5580000, 0x00000000d5b80000, 0x0000000100000000)
  eden space 3584K, 0% used [0x00000000d5580000,0x00000000d5580000,0x00000000d5900000)
  from space 1024K, 15% used [0x00000000d5980000,0x00000000d59a8000,0x00000000d5a80000)
  to   space 512K, 0% used [0x00000000d5b00000,0x00000000d5b00000,0x00000000d5b80000)
 ParOldGen       total 148992K, used 145885K [0x0000000080000000, 0x0000000089180000, 0x00000000d5580000)
  object space 148992K, 97% used [0x0000000080000000,0x0000000088e77638,0x0000000089180000)
 Metaspace       used 86723K, committed 88320K, reserved 1179648K
  class space    used 8645K, committed 9408K, reserved 1048576K
}
Event: 4746.175 GC heap before
{Heap before GC invocations=4244 (full 6):
 PSYoungGen      total 4608K, used 3744K [0x00000000d5580000, 0x00000000d5b80000, 0x0000000100000000)
  eden space 3584K, 100% used [0x00000000d5580000,0x00000000d5900000,0x00000000d5900000)
  from space 1024K, 15% used [0x00000000d5980000,0x00000000d59a8000,0x00000000d5a80000)
  to   space 512K, 0% used [0x00000000d5b00000,0x00000000d5b00000,0x00000000d5b80000)
 ParOldGen       total 148992K, used 145885K [0x0000000080000000, 0x0000000089180000, 0x00000000d5580000)
  object space 148992K, 97% used [0x0000000080000000,0x0000000088e77638,0x0000000089180000)
 Metaspace       used 86723K, committed 88320K, reserved 1179648K
  class space    used 8645K, committed 9408K, reserved 1048576K
}
Event: 4746.187 GC heap after
{Heap after GC invocations=4244 (full 6):
 PSYoungGen      total 1536K, used 488K [0x00000000d5580000, 0x00000000d6300000, 0x0000000100000000)
  eden space 1024K, 0% used [0x00000000d5580000,0x00000000d5580000,0x00000000d5680000)
  from space 512K, 95% used [0x00000000d5b00000,0x00000000d5b7a3d0,0x00000000d5b80000)
  to   space 4608K, 0% used [0x00000000d5680000,0x00000000d5680000,0x00000000d5b00000)
 ParOldGen       total 149504K, used 149005K [0x0000000080000000, 0x0000000089200000, 0x00000000d5580000)
  object space 149504K, 99% used [0x0000000080000000,0x0000000089183648,0x0000000089200000)
 Metaspace       used 86723K, committed 88320K, reserved 1179648K
  class space    used 8645K, committed 9408K, reserved 1048576K
}
Event: 4746.191 GC heap before
{Heap before GC invocations=4245 (full 6):
 PSYoungGen      total 1536K, used 1512K [0x00000000d5580000, 0x00000000d6300000, 0x0000000100000000)
  eden space 1024K, 99% used [0x00000000d5580000,0x00000000d567fff8,0x00000000d5680000)
  from space 512K, 95% used [0x00000000d5b00000,0x00000000d5b7a3d0,0x00000000d5b80000)
  to   space 4608K, 0% used [0x00000000d5680000,0x00000000d5680000,0x00000000d5b00000)
 ParOldGen       total 149504K, used 149005K [0x0000000080000000, 0x0000000089200000, 0x00000000d5580000)
  object space 149504K, 99% used [0x0000000080000000,0x0000000089183648,0x0000000089200000)
 Metaspace       used 86723K, committed 88320K, reserved 1179648K
  class space    used 8645K, committed 9408K, reserved 1048576K
}
Event: 4746.193 GC heap after
{Heap after GC invocations=4245 (full 6):
 PSYoungGen      total 2560K, used 1088K [0x00000000d5580000, 0x00000000d5b80000, 0x0000000100000000)
  eden space 1024K, 0% used [0x00000000d5580000,0x00000000d5580000,0x00000000d5680000)
  from space 1536K, 70% used [0x00000000d5680000,0x00000000d5790000,0x00000000d5800000)
  to   space 2048K, 0% used [0x00000000d5980000,0x00000000d5980000,0x00000000d5b80000)
 ParOldGen       total 149504K, used 149494K [0x0000000080000000, 0x0000000089200000, 0x00000000d5580000)
  object space 149504K, 99% used [0x0000000080000000,0x00000000891fda18,0x0000000089200000)
 Metaspace       used 86723K, committed 88320K, reserved 1179648K
  class space    used 8645K, committed 9408K, reserved 1048576K
}
Event: 4746.198 GC heap before
{Heap before GC invocations=4246 (full 6):
 PSYoungGen      total 2560K, used 2112K [0x00000000d5580000, 0x00000000d5b80000, 0x0000000100000000)
  eden space 1024K, 100% used [0x00000000d5580000,0x00000000d5680000,0x00000000d5680000)
  from space 1536K, 70% used [0x00000000d5680000,0x00000000d5790000,0x00000000d5800000)
  to   space 2048K, 0% used [0x00000000d5980000,0x00000000d5980000,0x00000000d5b80000)
 ParOldGen       total 149504K, used 149494K [0x0000000080000000, 0x0000000089200000, 0x00000000d5580000)
  object space 149504K, 99% used [0x0000000080000000,0x00000000891fda18,0x0000000089200000)
 Metaspace       used 86723K, committed 88320K, reserved 1179648K
  class space    used 8645K, committed 9408K, reserved 1048576K
}
Event: 4746.199 GC heap after
{Heap after GC invocations=4246 (full 6):
 PSYoungGen      total 3072K, used 1044K [0x00000000d5580000, 0x00000000d5b00000, 0x0000000100000000)
  eden space 1536K, 0% used [0x00000000d5580000,0x00000000d5580000,0x00000000d5700000)
  from space 1536K, 67% used [0x00000000d5980000,0x00000000d5a85000,0x00000000d5b00000)
  to   space 1536K, 0% used [0x00000000d5800000,0x00000000d5800000,0x00000000d5980000)
 ParOldGen       total 150528K, used 150494K [0x0000000080000000, 0x0000000089300000, 0x00000000d5580000)
  object space 150528K, 99% used [0x0000000080000000,0x00000000892f7a18,0x0000000089300000)
 Metaspace       used 86723K, committed 88320K, reserved 1179648K
  class space    used 8645K, committed 9408K, reserved 1048576K
}
Event: 4746.210 GC heap before
{Heap before GC invocations=4247 (full 6):
 PSYoungGen      total 3072K, used 2347K [0x00000000d5580000, 0x00000000d5b00000, 0x0000000100000000)
  eden space 1536K, 84% used [0x00000000d5580000,0x00000000d56c5f90,0x00000000d5700000)
  from space 1536K, 67% used [0x00000000d5980000,0x00000000d5a85000,0x00000000d5b00000)
  to   space 1536K, 0% used [0x00000000d5800000,0x00000000d5800000,0x00000000d5980000)
 ParOldGen       total 150528K, used 150494K [0x0000000080000000, 0x0000000089300000, 0x00000000d5580000)
  object space 150528K, 99% used [0x0000000080000000,0x00000000892f7a18,0x0000000089300000)
 Metaspace       used 86723K, committed 88320K, reserved 1179648K
  class space    used 8645K, committed 9408K, reserved 1048576K
}
Event: 4746.213 GC heap after
{Heap after GC invocations=4247 (full 6):
 PSYoungGen      total 3584K, used 1248K [0x00000000d5580000, 0x00000000d5a80000, 0x0000000100000000)
  eden space 2048K, 0% used [0x00000000d5580000,0x00000000d5580000,0x00000000d5780000)
  from space 1536K, 81% used [0x00000000d5800000,0x00000000d5938000,0x00000000d5980000)
  to   space 1024K, 0% used [0x00000000d5980000,0x00000000d5980000,0x00000000d5a80000)
 ParOldGen       total 151552K, used 151358K [0x0000000080000000, 0x0000000089400000, 0x00000000d5580000)
  object space 151552K, 99% used [0x0000000080000000,0x00000000893cfa18,0x0000000089400000)
 Metaspace       used 86723K, committed 88320K, reserved 1179648K
  class space    used 8645K, committed 9408K, reserved 1048576K
}
Event: 4746.245 GC heap before
{Heap before GC invocations=4248 (full 6):
 PSYoungGen      total 3584K, used 3296K [0x00000000d5580000, 0x00000000d5a80000, 0x0000000100000000)
  eden space 2048K, 100% used [0x00000000d5580000,0x00000000d5780000,0x00000000d5780000)
  from space 1536K, 81% used [0x00000000d5800000,0x00000000d5938000,0x00000000d5980000)
  to   space 1024K, 0% used [0x00000000d5980000,0x00000000d5980000,0x00000000d5a80000)
 ParOldGen       total 151552K, used 151358K [0x0000000080000000, 0x0000000089400000, 0x00000000d5580000)
  object space 151552K, 99% used [0x0000000080000000,0x00000000893cfa18,0x0000000089400000)
 Metaspace       used 86723K, committed 88320K, reserved 1179648K
  class space    used 8645K, committed 9408K, reserved 1048576K
}
Event: 4746.247 GC heap after
{Heap after GC invocations=4248 (full 6):
 PSYoungGen      total 2560K, used 1011K [0x00000000d5580000, 0x00000000d5c80000, 0x0000000100000000)
  eden space 1536K, 0% used [0x00000000d5580000,0x00000000d5580000,0x00000000d5700000)
  from space 1024K, 98% used [0x00000000d5980000,0x00000000d5a7cd60,0x00000000d5a80000)
  to   space 2560K, 0% used [0x00000000d5700000,0x00000000d5700000,0x00000000d5980000)
 ParOldGen       total 152576K, used 152462K [0x0000000080000000, 0x0000000089500000, 0x00000000d5580000)
  object space 152576K, 99% used [0x0000000080000000,0x00000000894e3a18,0x0000000089500000)
 Metaspace       used 86723K, committed 88320K, reserved 1179648K
  class space    used 8645K, committed 9408K, reserved 1048576K
}
Event: 4746.250 GC heap before
{Heap before GC invocations=4249 (full 6):
 PSYoungGen      total 2560K, used 2547K [0x00000000d5580000, 0x00000000d5c80000, 0x0000000100000000)
  eden space 1536K, 100% used [0x00000000d5580000,0x00000000d5700000,0x00000000d5700000)
  from space 1024K, 98% used [0x00000000d5980000,0x00000000d5a7cd60,0x00000000d5a80000)
  to   space 2560K, 0% used [0x00000000d5700000,0x00000000d5700000,0x00000000d5980000)
 ParOldGen       total 152576K, used 152462K [0x0000000080000000, 0x0000000089500000, 0x00000000d5580000)
  object space 152576K, 99% used [0x0000000080000000,0x00000000894e3a18,0x0000000089500000)
 Metaspace       used 86723K, committed 88320K, reserved 1179648K
  class space    used 8645K, committed 9408K, reserved 1048576K
}
Event: 4746.252 GC heap after
{Heap after GC invocations=4249 (full 6):
 PSYoungGen      total 4096K, used 1568K [0x00000000d5580000, 0x00000000d5b80000, 0x0000000100000000)
  eden space 1536K, 0% used [0x00000000d5580000,0x00000000d5580000,0x00000000d5700000)
  from space 2560K, 61% used [0x00000000d5700000,0x00000000d5888000,0x00000000d5980000)
  to   space 2048K, 0% used [0x00000000d5980000,0x00000000d5980000,0x00000000d5b80000)
 ParOldGen       total 154112K, used 153643K [0x0000000080000000, 0x0000000089680000, 0x00000000d5580000)
  object space 154112K, 99% used [0x0000000080000000,0x000000008960ae28,0x0000000089680000)
 Metaspace       used 86723K, committed 88320K, reserved 1179648K
  class space    used 8645K, committed 9408K, reserved 1048576K
}
Event: 4746.262 GC heap before
{Heap before GC invocations=4250 (full 6):
 PSYoungGen      total 4096K, used 3076K [0x00000000d5580000, 0x00000000d5b80000, 0x0000000100000000)
  eden space 1536K, 98% used [0x00000000d5580000,0x00000000d56f9088,0x00000000d5700000)
  from space 2560K, 61% used [0x00000000d5700000,0x00000000d5888000,0x00000000d5980000)
  to   space 2048K, 0% used [0x00000000d5980000,0x00000000d5980000,0x00000000d5b80000)
 ParOldGen       total 154112K, used 153643K [0x0000000080000000, 0x0000000089680000, 0x00000000d5580000)
  object space 154112K, 99% used [0x0000000080000000,0x000000008960ae28,0x0000000089680000)
 Metaspace       used 86723K, committed 88320K, reserved 1179648K
  class space    used 8645K, committed 9408K, reserved 1048576K
}
Event: 4746.265 GC heap after
{Heap after GC invocations=4250 (full 6):
 PSYoungGen      total 3584K, used 1448K [0x00000000d5580000, 0x00000000d5b00000, 0x0000000100000000)
  eden space 2048K, 0% used [0x00000000d5580000,0x00000000d5580000,0x00000000d5780000)
  from space 1536K, 94% used [0x00000000d5980000,0x00000000d5aea000,0x00000000d5b00000)
  to   space 1536K, 0% used [0x00000000d5800000,0x00000000d5800000,0x00000000d5980000)
 ParOldGen       total 155648K, used 155187K [0x0000000080000000, 0x0000000089800000, 0x00000000d5580000)
  object space 155648K, 99% used [0x0000000080000000,0x000000008978ce28,0x0000000089800000)
 Metaspace       used 86723K, committed 88320K, reserved 1179648K
  class space    used 8645K, committed 9408K, reserved 1048576K
}
Event: 4746.533 GC heap before
{Heap before GC invocations=4251 (full 6):
 PSYoungGen      total 3584K, used 3496K [0x00000000d5580000, 0x00000000d5b00000, 0x0000000100000000)
  eden space 2048K, 100% used [0x00000000d5580000,0x00000000d5780000,0x00000000d5780000)
  from space 1536K, 94% used [0x00000000d5980000,0x00000000d5aea000,0x00000000d5b00000)
  to   space 1536K, 0% used [0x00000000d5800000,0x00000000d5800000,0x00000000d5980000)
 ParOldGen       total 155648K, used 155187K [0x0000000080000000, 0x0000000089800000, 0x00000000d5580000)
  object space 155648K, 99% used [0x0000000080000000,0x000000008978ce28,0x0000000089800000)
 Metaspace       used 86723K, committed 88320K, reserved 1179648K
  class space    used 8645K, committed 9408K, reserved 1048576K
}
Event: 4746.539 GC heap after
{Heap after GC invocations=4251 (full 6):
 PSYoungGen      total 3072K, used 976K [0x00000000d5580000, 0x00000000d5a80000, 0x0000000100000000)
  eden space 2048K, 0% used [0x00000000d5580000,0x00000000d5580000,0x00000000d5780000)
  from space 1024K, 95% used [0x00000000d5800000,0x00000000d58f4000,0x00000000d5900000)
  to   space 1536K, 0% used [0x00000000d5900000,0x00000000d5900000,0x00000000d5a80000)
 ParOldGen       total 156672K, used 156355K [0x0000000080000000, 0x0000000089900000, 0x00000000d5580000)
  object space 156672K, 99% used [0x0000000080000000,0x00000000898b0e28,0x0000000089900000)
 Metaspace       used 86723K, committed 88320K, reserved 1179648K
  class space    used 8645K, committed 9408K, reserved 1048576K
}
Event: 4748.505 GC heap before
{Heap before GC invocations=4252 (full 6):
 PSYoungGen      total 3072K, used 3024K [0x00000000d5580000, 0x00000000d5a80000, 0x0000000100000000)
  eden space 2048K, 100% used [0x00000000d5580000,0x00000000d5780000,0x00000000d5780000)
  from space 1024K, 95% used [0x00000000d5800000,0x00000000d58f4000,0x00000000d5900000)
  to   space 1536K, 0% used [0x00000000d5900000,0x00000000d5900000,0x00000000d5a80000)
 ParOldGen       total 156672K, used 156355K [0x0000000080000000, 0x0000000089900000, 0x00000000d5580000)
  object space 156672K, 99% used [0x0000000080000000,0x00000000898b0e28,0x0000000089900000)
 Metaspace       used 86732K, committed 88320K, reserved 1179648K
  class space    used 8645K, committed 9408K, reserved 1048576K
}
Event: 4748.507 GC heap after
{Heap after GC invocations=4252 (full 6):
 PSYoungGen      total 2560K, used 256K [0x00000000d5580000, 0x00000000d5980000, 0x0000000100000000)
  eden space 2048K, 0% used [0x00000000d5580000,0x00000000d5580000,0x00000000d5780000)
  from space 512K, 50% used [0x00000000d5900000,0x00000000d5940000,0x00000000d5980000)
  to   space 1024K, 0% used [0x00000000d5780000,0x00000000d5780000,0x00000000d5880000)
 ParOldGen       total 157184K, used 156939K [0x0000000080000000, 0x0000000089980000, 0x00000000d5580000)
  object space 157184K, 99% used [0x0000000080000000,0x0000000089942e28,0x0000000089980000)
 Metaspace       used 86732K, committed 88320K, reserved 1179648K
  class space    used 8645K, committed 9408K, reserved 1048576K
}

