# JRE version: OpenJDK Runtime Environment Temurin-21.0.10+7 (21.0.10+7) (build 21.0.10+7-LTS)
# Java VM: OpenJDK 64-Bit Server VM Temurin-21.0.10+7 (21.0.10+7-LTS, mixed mode, sharing, tiered, compressed oops, compressed class ptrs, parallel gc, windows-amd64)
GC Precious Log:
 CardTable entry size: 512
 CPUs: 8 total, 8 available
 Memory: 8006M
 Large Page Support: Disabled
 NUMA Support: Disabled
 Compressed Oops: Enabled (32-bit)
 Alignments: Space 512K, Generation 512K, Heap 2M
 Heap Min Capacity: 100M
 Heap Initial Capacity: 100M
 Heap Max Capacity: 2G
 Pre-touch: Disabled
 Parallel Workers: 8
Heap:
 PSYoungGen      total 4096K, used 3328K [0x00000000d5580000, 0x00000000d5b00000, 0x0000000100000000)
  eden space 3072K, 100% used [0x00000000d5580000,0x00000000d5880000,0x00000000d5880000)
  from space 1024K, 25% used [0x00000000d5980000,0x00000000d59c0000,0x00000000d5a80000)
  to   space 512K, 0% used [0x00000000d5a80000,0x00000000d5a80000,0x00000000d5b00000)
 ParOldGen       total 1389056K, used 1388778K [0x0000000080000000, 0x00000000d4c80000, 0x00000000d5580000)
  object space 1389056K, 99% used [0x0000000080000000,0x00000000d4c3a8c0,0x00000000d4c80000)
 Metaspace       used 94631K, committed 96320K, reserved 1179648K
  class space    used 8928K, committed 9728K, reserved 1048576K
GC Heap History (20 events):
Event: 112702.891 GC heap before
{Heap before GC invocations=53102 (full 31):
 PSYoungGen      total 4608K, used 4512K [0x00000000d5580000, 0x00000000d5c00000, 0x0000000100000000)
  eden space 2560K, 100% used [0x00000000d5580000,0x00000000d5800000,0x00000000d5800000)
  from space 2048K, 95% used [0x00000000d5800000,0x00000000d59e8000,0x00000000d5a00000)
  to   space 2048K, 0% used [0x00000000d5a00000,0x00000000d5a00000,0x00000000d5c00000)
 ParOldGen       total 1379328K, used 1378860K [0x0000000080000000, 0x00000000d4300000, 0x00000000d5580000)
  object space 1379328K, 99% used [0x0000000080000000,0x00000000d428b3f8,0x00000000d4300000)
 Metaspace       used 94631K, committed 96320K, reserved 1179648K
  class space    used 8928K, committed 9728K, reserved 1048576K
}
Event: 112702.901 GC heap after
{Heap after GC invocations=53102 (full 31):
 PSYoungGen      total 2560K, used 2032K [0x00000000d5580000, 0x00000000d6180000, 0x0000000100000000)
  eden space 512K, 0% used [0x00000000d5580000,0x00000000d5580000,0x00000000d5600000)
  from space 2048K, 99% used [0x00000000d5a00000,0x00000000d5bfc000,0x00000000d5c00000)
  to   space 4096K, 0% used [0x00000000d5600000,0x00000000d5600000,0x00000000d5a00000)
 ParOldGen       total 1381376K, used 1380923K [0x0000000080000000, 0x00000000d4500000, 0x00000000d5580000)
  object space 1381376K, 99% used [0x0000000080000000,0x00000000d448ed10,0x00000000d4500000)
 Metaspace       used 94631K, committed 96320K, reserved 1179648K
  class space    used 8928K, committed 9728K, reserved 1048576K
}
Event: 112702.918 GC heap before
{Heap before GC invocations=53103 (full 31):
 PSYoungGen      total 2560K, used 2544K [0x00000000d5580000, 0x00000000d6180000, 0x0000000100000000)
  eden space 512K, 100% used [0x00000000d5580000,0x00000000d5600000,0x00000000d5600000)
  from space 2048K, 99% used [0x00000000d5a00000,0x00000000d5bfc000,0x00000000d5c00000)
  to   space 4096K, 0% used [0x00000000d5600000,0x00000000d5600000,0x00000000d5a00000)
 ParOldGen       total 1381888K, used 1381595K [0x0000000080000000, 0x00000000d4580000, 0x00000000d5580000)
  object space 1381888K, 99% used [0x0000000080000000,0x00000000d4536d10,0x00000000d4580000)
 Metaspace       used 94631K, committed 96320K, reserved 1179648K
  class space    used 8928K, committed 9728K, reserved 1048576K
}
Event: 112702.924 GC heap after
{Heap after GC invocations=53103 (full 31):
 PSYoungGen      total 1024K, used 512K [0x00000000d5580000, 0x00000000d5a80000, 0x0000000100000000)
  eden space 512K, 0% used [0x00000000d5580000,0x00000000d5580000,0x00000000d5600000)
  from space 512K, 100% used [0x00000000d5600000,0x00000000d5680000,0x00000000d5680000)
  to   space 2048K, 0% used [0x00000000d5880000,0x00000000d5880000,0x00000000d5a80000)
 ParOldGen       total 1383424K, used 1383339K [0x0000000080000000, 0x00000000d4700000, 0x00000000d5580000)
  object space 1383424K, 99% used [0x0000000080000000,0x00000000d46ead10,0x00000000d4700000)
 Metaspace       used 94631K, committed 96320K, reserved 1179648K
  class space    used 8928K, committed 9728K, reserved 1048576K
}
Event: 112702.928 GC heap before
{Heap before GC invocations=53104 (full 31):
 PSYoungGen      total 1024K, used 1023K [0x00000000d5580000, 0x00000000d5a80000, 0x0000000100000000)
  eden space 512K, 99% used [0x00000000d5580000,0x00000000d55ffff8,0x00000000d5600000)
  from space 512K, 100% used [0x00000000d5600000,0x00000000d5680000,0x00000000d5680000)
  to   space 2048K, 0% used [0x00000000d5880000,0x00000000d5880000,0x00000000d5a80000)
 ParOldGen       total 1383424K, used 1383339K [0x0000000080000000, 0x00000000d4700000, 0x00000000d5580000)
  object space 1383424K, 99% used [0x0000000080000000,0x00000000d46ead10,0x00000000d4700000)
 Metaspace       used 94631K, committed 96320K, reserved 1179648K
  class space    used 8928K, committed 9728K, reserved 1048576K
}
Event: 112702.933 GC heap after
{Heap after GC invocations=53104 (full 31):
 PSYoungGen      total 1536K, used 336K [0x00000000d5580000, 0x00000000d5900000, 0x0000000100000000)
  eden space 1024K, 0% used [0x00000000d5580000,0x00000000d5580000,0x00000000d5680000)
  from space 512K, 65% used [0x00000000d5880000,0x00000000d58d4010,0x00000000d5900000)
  to   space 1024K, 0% used [0x00000000d5700000,0x00000000d5700000,0x00000000d5800000)
 ParOldGen       total 1383936K, used 1383843K [0x0000000080000000, 0x00000000d4780000, 0x00000000d5580000)
  object space 1383936K, 99% used [0x0000000080000000,0x00000000d4768d10,0x00000000d4780000)
 Metaspace       used 94631K, committed 96320K, reserved 1179648K
  class space    used 8928K, committed 9728K, reserved 1048576K
}
Event: 112702.940 GC heap before
{Heap before GC invocations=53105 (full 31):
 PSYoungGen      total 1536K, used 1360K [0x00000000d5580000, 0x00000000d5900000, 0x0000000100000000)
  eden space 1024K, 100% used [0x00000000d5580000,0x00000000d5680000,0x00000000d5680000)
  from space 512K, 65% used [0x00000000d5880000,0x00000000d58d4010,0x00000000d5900000)
  to   space 1024K, 0% used [0x00000000d5700000,0x00000000d5700000,0x00000000d5800000)
 ParOldGen       total 1383936K, used 1383843K [0x0000000080000000, 0x00000000d4780000, 0x00000000d5580000)
  object space 1383936K, 99% used [0x0000000080000000,0x00000000d4768d10,0x00000000d4780000)
 Metaspace       used 94631K, committed 96320K, reserved 1179648K
  class space    used 8928K, committed 9728K, reserved 1048576K
}
Event: 112702.945 GC heap after
{Heap after GC invocations=53105 (full 31):
 PSYoungGen      total 2560K, used 448K [0x00000000d5580000, 0x00000000d5900000, 0x0000000100000000)
  eden space 1536K, 0% used [0x00000000d5580000,0x00000000d5580000,0x00000000d5700000)
  from space 1024K, 43% used [0x00000000d5700000,0x00000000d5770000,0x00000000d5800000)
  to   space 512K, 0% used [0x00000000d5880000,0x00000000d5880000,0x00000000d5900000)
 ParOldGen       total 1384448K, used 1384063K [0x0000000080000000, 0x00000000d4800000, 0x00000000d5580000)
  object space 1384448K, 99% used [0x0000000080000000,0x00000000d479ff38,0x00000000d4800000)
 Metaspace       used 94631K, committed 96320K, reserved 1179648K
  class space    used 8928K, committed 9728K, reserved 1048576K
}
Event: 112702.955 GC heap before
{Heap before GC invocations=53106 (full 31):
 PSYoungGen      total 2560K, used 1983K [0x00000000d5580000, 0x00000000d5900000, 0x0000000100000000)
  eden space 1536K, 99% used [0x00000000d5580000,0x00000000d56ffff0,0x00000000d5700000)
  from space 1024K, 43% used [0x00000000d5700000,0x00000000d5770000,0x00000000d5800000)
  to   space 512K, 0% used [0x00000000d5880000,0x00000000d5880000,0x00000000d5900000)
 ParOldGen       total 1384448K, used 1384063K [0x0000000080000000, 0x00000000d4800000, 0x00000000d5580000)
  object space 1384448K, 99% used [0x0000000080000000,0x00000000d479ff38,0x00000000d4800000)
 Metaspace       used 94631K, committed 96320K, reserved 1179648K
  class space    used 8928K, committed 9728K, reserved 1048576K
}
Event: 112702.959 GC heap after
{Heap after GC invocations=53106 (full 31):
 PSYoungGen      total 2560K, used 448K [0x00000000d5580000, 0x00000000d5900000, 0x0000000100000000)
  eden space 2048K, 0% used [0x00000000d5580000,0x00000000d5580000,0x00000000d5780000)
  from space 512K, 87% used [0x00000000d5880000,0x00000000d58f0000,0x00000000d5900000)
  to   space 512K, 0% used [0x00000000d5800000,0x00000000d5800000,0x00000000d5880000)
 ParOldGen       total 1384448K, used 1384375K [0x0000000080000000, 0x00000000d4800000, 0x00000000d5580000)
  object space 1384448K, 99% used [0x0000000080000000,0x00000000d47edf58,0x00000000d4800000)
 Metaspace       used 94631K, committed 96320K, reserved 1179648K
  class space    used 8928K, committed 9728K, reserved 1048576K
}
Event: 112702.976 GC heap before
{Heap before GC invocations=53107 (full 31):
 PSYoungGen      total 2560K, used 2496K [0x00000000d5580000, 0x00000000d5900000, 0x0000000100000000)
  eden space 2048K, 100% used [0x00000000d5580000,0x00000000d5780000,0x00000000d5780000)
  from space 512K, 87% used [0x00000000d5880000,0x00000000d58f0000,0x00000000d5900000)
  to   space 512K, 0% used [0x00000000d5800000,0x00000000d5800000,0x00000000d5880000)
 ParOldGen       total 1384448K, used 1384375K [0x0000000080000000, 0x00000000d4800000, 0x00000000d5580000)
  object space 1384448K, 99% used [0x0000000080000000,0x00000000d47edf58,0x00000000d4800000)
 Metaspace       used 94631K, committed 96320K, reserved 1179648K
  class space    used 8928K, committed 9728K, reserved 1048576K
}
Event: 112702.981 GC heap after
{Heap after GC invocations=53107 (full 31):
 PSYoungGen      total 3072K, used 497K [0x00000000d5580000, 0x00000000d5e00000, 0x0000000100000000)
  eden space 2560K, 0% used [0x00000000d5580000,0x00000000d5580000,0x00000000d5800000)
  from space 512K, 97% used [0x00000000d5800000,0x00000000d587c6b0,0x00000000d5880000)
  to   space 3072K, 0% used [0x00000000d5b00000,0x00000000d5b00000,0x00000000d5e00000)
 ParOldGen       total 1386496K, used 1386175K [0x0000000080000000, 0x00000000d4a00000, 0x00000000d5580000)
  object space 1386496K, 99% used [0x0000000080000000,0x00000000d49afd88,0x00000000d4a00000)
 Metaspace       used 94631K, committed 96320K, reserved 1179648K
  class space    used 8928K, committed 9728K, reserved 1048576K
}
Event: 112703.053 GC heap before
{Heap before GC invocations=53108 (full 31):
 PSYoungGen      total 3072K, used 3057K [0x00000000d5580000, 0x00000000d5e00000, 0x0000000100000000)
  eden space 2560K, 100% used [0x00000000d5580000,0x00000000d5800000,0x00000000d5800000)
  from space 512K, 97% used [0x00000000d5800000,0x00000000d587c6b0,0x00000000d5880000)
  to   space 3072K, 0% used [0x00000000d5b00000,0x00000000d5b00000,0x00000000d5e00000)
 ParOldGen       total 1386496K, used 1386175K [0x0000000080000000, 0x00000000d4a00000, 0x00000000d5580000)
  object space 1386496K, 99% used [0x0000000080000000,0x00000000d49afd88,0x00000000d4a00000)
 Metaspace       used 94631K, committed 96320K, reserved 1179648K
  class space    used 8928K, committed 9728K, reserved 1048576K
}
Event: 112703.058 GC heap after
{Heap after GC invocations=53108 (full 31):
 PSYoungGen      total 5632K, used 2128K [0x00000000d5580000, 0x00000000d5d80000, 0x0000000100000000)
  eden space 3072K, 0% used [0x00000000d5580000,0x00000000d5580000,0x00000000d5880000)
  from space 2560K, 83% used [0x00000000d5b00000,0x00000000d5d14000,0x00000000d5d80000)
  to   space 2560K, 0% used [0x00000000d5880000,0x00000000d5880000,0x00000000d5b00000)
 ParOldGen       total 1387008K, used 1386701K [0x0000000080000000, 0x00000000d4a80000, 0x00000000d5580000)
  object space 1387008K, 99% used [0x0000000080000000,0x00000000d4a336a8,0x00000000d4a80000)
 Metaspace       used 94631K, committed 96320K, reserved 1179648K
  class space    used 8928K, committed 9728K, reserved 1048576K
}
Event: 112703.173 GC heap before
{Heap before GC invocations=53109 (full 31):
 PSYoungGen      total 5632K, used 5199K [0x00000000d5580000, 0x00000000d5d80000, 0x0000000100000000)
  eden space 3072K, 99% used [0x00000000d5580000,0x00000000d587fff0,0x00000000d5880000)
  from space 2560K, 83% used [0x00000000d5b00000,0x00000000d5d14000,0x00000000d5d80000)
  to   space 2560K, 0% used [0x00000000d5880000,0x00000000d5880000,0x00000000d5b00000)
 ParOldGen       total 1387008K, used 1386701K [0x0000000080000000, 0x00000000d4a80000, 0x00000000d5580000)
  object space 1387008K, 99% used [0x0000000080000000,0x00000000d4a336a8,0x00000000d4a80000)
 Metaspace       used 94631K, committed 96320K, reserved 1179648K
  class space    used 8928K, committed 9728K, reserved 1048576K
}
Event: 112703.182 GC heap after
{Heap after GC invocations=53109 (full 31):
 PSYoungGen      total 3584K, used 272K [0x00000000d5580000, 0x00000000d5b80000, 0x0000000100000000)
  eden space 3072K, 0% used [0x00000000d5580000,0x00000000d5580000,0x00000000d5880000)
  from space 512K, 53% used [0x00000000d5880000,0x00000000d58c4010,0x00000000d5900000)
  to   space 1024K, 0% used [0x00000000d5a80000,0x00000000d5a80000,0x00000000d5b80000)
 ParOldGen       total 1389056K, used 1388698K [0x0000000080000000, 0x00000000d4c80000, 0x00000000d5580000)
  object space 1389056K, 99% used [0x0000000080000000,0x00000000d4c268c0,0x00000000d4c80000)
 Metaspace       used 94631K, committed 96320K, reserved 1179648K
  class space    used 8928K, committed 9728K, reserved 1048576K
}
Event: 112703.477 GC heap before
{Heap before GC invocations=53110 (full 31):
 PSYoungGen      total 3584K, used 3344K [0x00000000d5580000, 0x00000000d5b80000, 0x0000000100000000)
  eden space 3072K, 100% used [0x00000000d5580000,0x00000000d5880000,0x00000000d5880000)
  from space 512K, 53% used [0x00000000d5880000,0x00000000d58c4010,0x00000000d5900000)
  to   space 1024K, 0% used [0x00000000d5a80000,0x00000000d5a80000,0x00000000d5b80000)
 ParOldGen       total 1389056K, used 1388698K [0x0000000080000000, 0x00000000d4c80000, 0x00000000d5580000)
  object space 1389056K, 99% used [0x0000000080000000,0x00000000d4c268c0,0x00000000d4c80000)
 Metaspace       used 94631K, committed 96320K, reserved 1179648K
  class space    used 8928K, committed 9728K, reserved 1048576K
}
Event: 112703.486 GC heap after
{Heap after GC invocations=53110 (full 31):
 PSYoungGen      total 4096K, used 768K [0x00000000d5580000, 0x00000000d5b80000, 0x0000000100000000)
  eden space 3072K, 0% used [0x00000000d5580000,0x00000000d5580000,0x00000000d5880000)
  from space 1024K, 75% used [0x00000000d5a80000,0x00000000d5b40000,0x00000000d5b80000)
  to   space 1024K, 0% used [0x00000000d5980000,0x00000000d5980000,0x00000000d5a80000)
 ParOldGen       total 1389056K, used 1388770K [0x0000000080000000, 0x00000000d4c80000, 0x00000000d5580000)
  object space 1389056K, 99% used [0x0000000080000000,0x00000000d4c388c0,0x00000000d4c80000)
 Metaspace       used 94631K, committed 96320K, reserved 1179648K
  class space    used 8928K, committed 9728K, reserved 1048576K
}
Event: 112703.818 GC heap before
{Heap before GC invocations=53111 (full 31):
 PSYoungGen      total 4096K, used 3840K [0x00000000d5580000, 0x00000000d5b80000, 0x0000000100000000)
  eden space 3072K, 100% used [0x00000000d5580000,0x00000000d5880000,0x00000000d5880000)
  from space 1024K, 75% used [0x00000000d5a80000,0x00000000d5b40000,0x00000000d5b80000)
  to   space 1024K, 0% used [0x00000000d5980000,0x00000000d5980000,0x00000000d5a80000)
 ParOldGen       total 1389056K, used 1388770K [0x0000000080000000, 0x00000000d4c80000, 0x00000000d5580000)
  object space 1389056K, 99% used [0x0000000080000000,0x00000000d4c388c0,0x00000000d4c80000)
 Metaspace       used 94631K, committed 96320K, reserved 1179648K
  class space    used 8928K, committed 9728K, reserved 1048576K
}
Event: 112703.828 GC heap after
{Heap after GC invocations=53111 (full 31):
 PSYoungGen      total 4096K, used 256K [0x00000000d5580000, 0x00000000d5b00000, 0x0000000100000000)
  eden space 3072K, 0% used [0x00000000d5580000,0x00000000d5580000,0x00000000d5880000)
  from space 1024K, 25% used [0x00000000d5980000,0x00000000d59c0000,0x00000000d5a80000)
  to   space 512K, 0% used [0x00000000d5a80000,0x00000000d5a80000,0x00000000d5b00000)
 ParOldGen       total 1389056K, used 1388778K [0x0000000080000000, 0x00000000d4c80000, 0x00000000d5580000)
  object space 1389056K, 99% used [0x0000000080000000,0x00000000d4c3a8c0,0x00000000d4c80000)
 Metaspace       used 94631K, committed 96320K, reserved 1179648K
  class space    used 8928K, committed 9728K, reserved 1048576K
}

