# JRE version: OpenJDK Runtime Environment Temurin-21.0.10+7 (21.0.10+7) (build 21.0.10+7-LTS)
# Java VM: OpenJDK 64-Bit Server VM Temurin-21.0.10+7 (21.0.10+7-LTS, mixed mode, sharing, tiered, compressed oops, compressed class ptrs, parallel gc, windows-amd64)
GC Precious Log:
 CardTable entry size: 512
 CPUs: 8 total, 8 available
 Memory: 8006M
 Large Page Support: Disabled
 NUMA Support: Disabled
 Compressed Oops: Enabled (32-bit)
 Alignments: Space 512K, Generation 512K, Heap 2M
 Heap Min Capacity: 100M
 Heap Initial Capacity: 100M
 Heap Max Capacity: 2G
 Pre-touch: Disabled
 Parallel Workers: 8
Heap:
 PSYoungGen      total 12288K, used 2239K [0x00000000d5580000, 0x00000000d6400000, 0x0000000100000000)
  eden space 9728K, 0% used [0x00000000d5580000,0x00000000d5580000,0x00000000d5f00000)
  from space 2560K, 87% used [0x00000000d6180000,0x00000000d63afd90,0x00000000d6400000)
  to   space 2560K, 0% used [0x00000000d5f00000,0x00000000d5f00000,0x00000000d6180000)
 ParOldGen       total 151040K, used 150973K [0x0000000080000000, 0x0000000089380000, 0x00000000d5580000)
  object space 151040K, 99% used [0x0000000080000000,0x000000008936f460,0x0000000089380000)
 Metaspace       used 64238K, committed 65664K, reserved 1114112K
  class space    used 6943K, committed 7616K, reserved 1048576K
GC Heap History (20 events):
Event: 47.474 GC heap after
{Heap after GC invocations=63 (full 3):
 PSYoungGen      total 12288K, used 2544K [0x00000000d5580000, 0x00000000d6d80000, 0x0000000100000000)
  eden space 9728K, 0% used [0x00000000d5580000,0x00000000d5580000,0x00000000d5f00000)
  from space 2560K, 99% used [0x00000000d6500000,0x00000000d677c1c8,0x00000000d6780000)
  to   space 6144K, 0% used [0x00000000d5f00000,0x00000000d5f00000,0x00000000d6500000)
 ParOldGen       total 129536K, used 129228K [0x0000000080000000, 0x0000000087e80000, 0x00000000d5580000)
  object space 129536K, 99% used [0x0000000080000000,0x0000000087e33048,0x0000000087e80000)
 Metaspace       used 64238K, committed 65664K, reserved 1114112K
  class space    used 6943K, committed 7616K, reserved 1048576K
}
Event: 47.618 GC heap before
{Heap before GC invocations=64 (full 3):
 PSYoungGen      total 12288K, used 12272K [0x00000000d5580000, 0x00000000d6d80000, 0x0000000100000000)
  eden space 9728K, 100% used [0x00000000d5580000,0x00000000d5f00000,0x00000000d5f00000)
  from space 2560K, 99% used [0x00000000d6500000,0x00000000d677c1c8,0x00000000d6780000)
  to   space 6144K, 0% used [0x00000000d5f00000,0x00000000d5f00000,0x00000000d6500000)
 ParOldGen       total 129536K, used 129228K [0x0000000080000000, 0x0000000087e80000, 0x00000000d5580000)
  object space 129536K, 99% used [0x0000000080000000,0x0000000087e33048,0x0000000087e80000)
 Metaspace       used 64238K, committed 65664K, reserved 1114112K
  class space    used 6943K, committed 7616K, reserved 1048576K
}
Event: 47.624 GC heap after
{Heap after GC invocations=64 (full 3):
 PSYoungGen      total 12288K, used 2376K [0x00000000d5580000, 0x00000000d6600000, 0x0000000100000000)
  eden space 9728K, 0% used [0x00000000d5580000,0x00000000d5580000,0x00000000d5f00000)
  from space 2560K, 92% used [0x00000000d5f00000,0x00000000d6152188,0x00000000d6180000)
  to   space 3584K, 0% used [0x00000000d6280000,0x00000000d6280000,0x00000000d6600000)
 ParOldGen       total 132096K, used 131710K [0x0000000080000000, 0x0000000088100000, 0x00000000d5580000)
  object space 132096K, 99% used [0x0000000080000000,0x000000008809f910,0x0000000088100000)
 Metaspace       used 64238K, committed 65664K, reserved 1114112K
  class space    used 6943K, committed 7616K, reserved 1048576K
}
Event: 47.961 GC heap before
{Heap before GC invocations=65 (full 3):
 PSYoungGen      total 12288K, used 12104K [0x00000000d5580000, 0x00000000d6600000, 0x0000000100000000)
  eden space 9728K, 100% used [0x00000000d5580000,0x00000000d5f00000,0x00000000d5f00000)
  from space 2560K, 92% used [0x00000000d5f00000,0x00000000d6152188,0x00000000d6180000)
  to   space 3584K, 0% used [0x00000000d6280000,0x00000000d6280000,0x00000000d6600000)
 ParOldGen       total 132096K, used 131710K [0x0000000080000000, 0x0000000088100000, 0x00000000d5580000)
  object space 132096K, 99% used [0x0000000080000000,0x000000008809f910,0x0000000088100000)
 Metaspace       used 64238K, committed 65664K, reserved 1114112K
  class space    used 6943K, committed 7616K, reserved 1048576K
}
Event: 47.966 GC heap after
{Heap after GC invocations=65 (full 3):
 PSYoungGen      total 12288K, used 2314K [0x00000000d5580000, 0x00000000d6500000, 0x0000000100000000)
  eden space 9728K, 0% used [0x00000000d5580000,0x00000000d5580000,0x00000000d5f00000)
  from space 2560K, 90% used [0x00000000d6280000,0x00000000d64c2910,0x00000000d6500000)
  to   space 2560K, 0% used [0x00000000d5f00000,0x00000000d5f00000,0x00000000d6180000)
 ParOldGen       total 134144K, used 133908K [0x0000000080000000, 0x0000000088300000, 0x00000000d5580000)
  object space 134144K, 99% used [0x0000000080000000,0x00000000882c50b0,0x0000000088300000)
 Metaspace       used 64238K, committed 65664K, reserved 1114112K
  class space    used 6943K, committed 7616K, reserved 1048576K
}
Event: 48.068 GC heap before
{Heap before GC invocations=66 (full 3):
 PSYoungGen      total 12288K, used 12042K [0x00000000d5580000, 0x00000000d6500000, 0x0000000100000000)
  eden space 9728K, 100% used [0x00000000d5580000,0x00000000d5f00000,0x00000000d5f00000)
  from space 2560K, 90% used [0x00000000d6280000,0x00000000d64c2910,0x00000000d6500000)
  to   space 2560K, 0% used [0x00000000d5f00000,0x00000000d5f00000,0x00000000d6180000)
 ParOldGen       total 134144K, used 133908K [0x0000000080000000, 0x0000000088300000, 0x00000000d5580000)
  object space 134144K, 99% used [0x0000000080000000,0x00000000882c50b0,0x0000000088300000)
 Metaspace       used 64238K, committed 65664K, reserved 1114112K
  class space    used 6943K, committed 7616K, reserved 1048576K
}
Event: 48.072 GC heap after
{Heap after GC invocations=66 (full 3):
 PSYoungGen      total 12288K, used 2398K [0x00000000d5580000, 0x00000000d6400000, 0x0000000100000000)
  eden space 9728K, 0% used [0x00000000d5580000,0x00000000d5580000,0x00000000d5f00000)
  from space 2560K, 93% used [0x00000000d5f00000,0x00000000d6157838,0x00000000d6180000)
  to   space 2560K, 0% used [0x00000000d6180000,0x00000000d6180000,0x00000000d6400000)
 ParOldGen       total 136192K, used 136057K [0x0000000080000000, 0x0000000088500000, 0x00000000d5580000)
  object space 136192K, 99% used [0x0000000080000000,0x00000000884de5b8,0x0000000088500000)
 Metaspace       used 64238K, committed 65664K, reserved 1114112K
  class space    used 6943K, committed 7616K, reserved 1048576K
}
Event: 48.154 GC heap before
{Heap before GC invocations=67 (full 3):
 PSYoungGen      total 12288K, used 12126K [0x00000000d5580000, 0x00000000d6400000, 0x0000000100000000)
  eden space 9728K, 100% used [0x00000000d5580000,0x00000000d5f00000,0x00000000d5f00000)
  from space 2560K, 93% used [0x00000000d5f00000,0x00000000d6157838,0x00000000d6180000)
  to   space 2560K, 0% used [0x00000000d6180000,0x00000000d6180000,0x00000000d6400000)
 ParOldGen       total 136192K, used 136057K [0x0000000080000000, 0x0000000088500000, 0x00000000d5580000)
  object space 136192K, 99% used [0x0000000080000000,0x00000000884de5b8,0x0000000088500000)
 Metaspace       used 64238K, committed 65664K, reserved 1114112K
  class space    used 6943K, committed 7616K, reserved 1048576K
}
Event: 48.159 GC heap after
{Heap after GC invocations=67 (full 3):
 PSYoungGen      total 12288K, used 2260K [0x00000000d5580000, 0x00000000d6400000, 0x0000000100000000)
  eden space 9728K, 0% used [0x00000000d5580000,0x00000000d5580000,0x00000000d5f00000)
  from space 2560K, 88% used [0x00000000d6180000,0x00000000d63b5180,0x00000000d6400000)
  to   space 2560K, 0% used [0x00000000d5f00000,0x00000000d5f00000,0x00000000d6180000)
 ParOldGen       total 138752K, used 138311K [0x0000000080000000, 0x0000000088780000, 0x00000000d5580000)
  object space 138752K, 99% used [0x0000000080000000,0x0000000088711f38,0x0000000088780000)
 Metaspace       used 64238K, committed 65664K, reserved 1114112K
  class space    used 6943K, committed 7616K, reserved 1048576K
}
Event: 48.263 GC heap before
{Heap before GC invocations=68 (full 3):
 PSYoungGen      total 12288K, used 11988K [0x00000000d5580000, 0x00000000d6400000, 0x0000000100000000)
  eden space 9728K, 100% used [0x00000000d5580000,0x00000000d5f00000,0x00000000d5f00000)
  from space 2560K, 88% used [0x00000000d6180000,0x00000000d63b5180,0x00000000d6400000)
  to   space 2560K, 0% used [0x00000000d5f00000,0x00000000d5f00000,0x00000000d6180000)
 ParOldGen       total 138752K, used 138311K [0x0000000080000000, 0x0000000088780000, 0x00000000d5580000)
  object space 138752K, 99% used [0x0000000080000000,0x0000000088711f38,0x0000000088780000)
 Metaspace       used 64238K, committed 65664K, reserved 1114112K
  class space    used 6943K, committed 7616K, reserved 1048576K
}
Event: 48.271 GC heap after
{Heap after GC invocations=68 (full 3):
 PSYoungGen      total 12288K, used 2203K [0x00000000d5580000, 0x00000000d6400000, 0x0000000100000000)
  eden space 9728K, 0% used [0x00000000d5580000,0x00000000d5580000,0x00000000d5f00000)
  from space 2560K, 86% used [0x00000000d5f00000,0x00000000d6126ff0,0x00000000d6180000)
  to   space 2560K, 0% used [0x00000000d6180000,0x00000000d6180000,0x00000000d6400000)
 ParOldGen       total 140800K, used 140426K [0x0000000080000000, 0x0000000088980000, 0x00000000d5580000)
  object space 140800K, 99% used [0x0000000080000000,0x00000000889229c8,0x0000000088980000)
 Metaspace       used 64238K, committed 65664K, reserved 1114112K
  class space    used 6943K, committed 7616K, reserved 1048576K
}
Event: 48.385 GC heap before
{Heap before GC invocations=69 (full 3):
 PSYoungGen      total 12288K, used 11931K [0x00000000d5580000, 0x00000000d6400000, 0x0000000100000000)
  eden space 9728K, 100% used [0x00000000d5580000,0x00000000d5f00000,0x00000000d5f00000)
  from space 2560K, 86% used [0x00000000d5f00000,0x00000000d6126ff0,0x00000000d6180000)
  to   space 2560K, 0% used [0x00000000d6180000,0x00000000d6180000,0x00000000d6400000)
 ParOldGen       total 140800K, used 140426K [0x0000000080000000, 0x0000000088980000, 0x00000000d5580000)
  object space 140800K, 99% used [0x0000000080000000,0x00000000889229c8,0x0000000088980000)
 Metaspace       used 64238K, committed 65664K, reserved 1114112K
  class space    used 6943K, committed 7616K, reserved 1048576K
}
Event: 48.389 GC heap after
{Heap after GC invocations=69 (full 3):
 PSYoungGen      total 12288K, used 2154K [0x00000000d5580000, 0x00000000d6400000, 0x0000000100000000)
  eden space 9728K, 0% used [0x00000000d5580000,0x00000000d5580000,0x00000000d5f00000)
  from space 2560K, 84% used [0x00000000d6180000,0x00000000d639aa80,0x00000000d6400000)
  to   space 2560K, 0% used [0x00000000d5f00000,0x00000000d5f00000,0x00000000d6180000)
 ParOldGen       total 142848K, used 142496K [0x0000000080000000, 0x0000000088b80000, 0x00000000d5580000)
  object space 142848K, 99% used [0x0000000080000000,0x0000000088b28000,0x0000000088b80000)
 Metaspace       used 64238K, committed 65664K, reserved 1114112K
  class space    used 6943K, committed 7616K, reserved 1048576K
}
Event: 48.491 GC heap before
{Heap before GC invocations=70 (full 3):
 PSYoungGen      total 12288K, used 11882K [0x00000000d5580000, 0x00000000d6400000, 0x0000000100000000)
  eden space 9728K, 100% used [0x00000000d5580000,0x00000000d5f00000,0x00000000d5f00000)
  from space 2560K, 84% used [0x00000000d6180000,0x00000000d639aa80,0x00000000d6400000)
  to   space 2560K, 0% used [0x00000000d5f00000,0x00000000d5f00000,0x00000000d6180000)
 ParOldGen       total 142848K, used 142496K [0x0000000080000000, 0x0000000088b80000, 0x00000000d5580000)
  object space 142848K, 99% used [0x0000000080000000,0x0000000088b28000,0x0000000088b80000)
 Metaspace       used 64238K, committed 65664K, reserved 1114112K
  class space    used 6943K, committed 7616K, reserved 1048576K
}
Event: 48.498 GC heap after
{Heap after GC invocations=70 (full 3):
 PSYoungGen      total 12288K, used 2293K [0x00000000d5580000, 0x00000000d6400000, 0x0000000100000000)
  eden space 9728K, 0% used [0x00000000d5580000,0x00000000d5580000,0x00000000d5f00000)
  from space 2560K, 89% used [0x00000000d5f00000,0x00000000d613d7b8,0x00000000d6180000)
  to   space 2560K, 0% used [0x00000000d6180000,0x00000000d6180000,0x00000000d6400000)
 ParOldGen       total 144896K, used 144544K [0x0000000080000000, 0x0000000088d80000, 0x00000000d5580000)
  object space 144896K, 99% used [0x0000000080000000,0x0000000088d280c0,0x0000000088d80000)
 Metaspace       used 64238K, committed 65664K, reserved 1114112K
  class space    used 6943K, committed 7616K, reserved 1048576K
}
Event: 48.620 GC heap before
{Heap before GC invocations=71 (full 3):
 PSYoungGen      total 12288K, used 12021K [0x00000000d5580000, 0x00000000d6400000, 0x0000000100000000)
  eden space 9728K, 100% used [0x00000000d5580000,0x00000000d5f00000,0x00000000d5f00000)
  from space 2560K, 89% used [0x00000000d5f00000,0x00000000d613d7b8,0x00000000d6180000)
  to   space 2560K, 0% used [0x00000000d6180000,0x00000000d6180000,0x00000000d6400000)
 ParOldGen       total 144896K, used 144544K [0x0000000080000000, 0x0000000088d80000, 0x00000000d5580000)
  object space 144896K, 99% used [0x0000000080000000,0x0000000088d280c0,0x0000000088d80000)
 Metaspace       used 64238K, committed 65664K, reserved 1114112K
  class space    used 6943K, committed 7616K, reserved 1048576K
}
Event: 48.624 GC heap after
{Heap after GC invocations=71 (full 3):
 PSYoungGen      total 12288K, used 2200K [0x00000000d5580000, 0x00000000d6400000, 0x0000000100000000)
  eden space 9728K, 0% used [0x00000000d5580000,0x00000000d5580000,0x00000000d5f00000)
  from space 2560K, 85% used [0x00000000d6180000,0x00000000d63a6000,0x00000000d6400000)
  to   space 2560K, 0% used [0x00000000d5f00000,0x00000000d5f00000,0x00000000d6180000)
 ParOldGen       total 146944K, used 146661K [0x0000000080000000, 0x0000000088f80000, 0x00000000d5580000)
  object space 146944K, 99% used [0x0000000080000000,0x0000000088f39730,0x0000000088f80000)
 Metaspace       used 64238K, committed 65664K, reserved 1114112K
  class space    used 6943K, committed 7616K, reserved 1048576K
}
Event: 48.712 GC heap before
{Heap before GC invocations=72 (full 3):
 PSYoungGen      total 12288K, used 11928K [0x00000000d5580000, 0x00000000d6400000, 0x0000000100000000)
  eden space 9728K, 100% used [0x00000000d5580000,0x00000000d5f00000,0x00000000d5f00000)
  from space 2560K, 85% used [0x00000000d6180000,0x00000000d63a6000,0x00000000d6400000)
  to   space 2560K, 0% used [0x00000000d5f00000,0x00000000d5f00000,0x00000000d6180000)
 ParOldGen       total 146944K, used 146661K [0x0000000080000000, 0x0000000088f80000, 0x00000000d5580000)
  object space 146944K, 99% used [0x0000000080000000,0x0000000088f39730,0x0000000088f80000)
 Metaspace       used 64238K, committed 65664K, reserved 1114112K
  class space    used 6943K, committed 7616K, reserved 1048576K
}
Event: 48.717 GC heap after
{Heap after GC invocations=72 (full 3):
 PSYoungGen      total 12288K, used 2334K [0x00000000d5580000, 0x00000000d6400000, 0x0000000100000000)
  eden space 9728K, 0% used [0x00000000d5580000,0x00000000d5580000,0x00000000d5f00000)
  from space 2560K, 91% used [0x00000000d5f00000,0x00000000d6147848,0x00000000d6180000)
  to   space 2560K, 0% used [0x00000000d6180000,0x00000000d6180000,0x00000000d6400000)
 ParOldGen       total 148992K, used 148799K [0x0000000080000000, 0x0000000089180000, 0x00000000d5580000)
  object space 148992K, 99% used [0x0000000080000000,0x000000008914fdc8,0x0000000089180000)
 Metaspace       used 64238K, committed 65664K, reserved 1114112K
  class space    used 6943K, committed 7616K, reserved 1048576K
}
Event: 48.822 GC heap before
{Heap before GC invocations=73 (full 3):
 PSYoungGen      total 12288K, used 12062K [0x00000000d5580000, 0x00000000d6400000, 0x0000000100000000)
  eden space 9728K, 100% used [0x00000000d5580000,0x00000000d5f00000,0x00000000d5f00000)
  from space 2560K, 91% used [0x00000000d5f00000,0x00000000d6147848,0x00000000d6180000)
  to   space 2560K, 0% used [0x00000000d6180000,0x00000000d6180000,0x00000000d6400000)
 ParOldGen       total 148992K, used 148799K [0x0000000080000000, 0x0000000089180000, 0x00000000d5580000)
  object space 148992K, 99% used [0x0000000080000000,0x000000008914fdc8,0x0000000089180000)
 Metaspace       used 64238K, committed 65664K, reserved 1114112K
  class space    used 6943K, committed 7616K, reserved 1048576K
}

